# JRE version: Java(TM) SE Runtime Environment (21.0.6+8) (build 21.0.6+8-LTS-188)
# Java VM: Java HotSpot(TM) 64-Bit Server VM (21.0.6+8-LTS-188, mixed mode, sharing, tiered, compressed oops, compressed class ptrs, g1 gc, windows-amd64)
GC Precious Log:
 CardTable entry size: 512
 Card Set container configuration: InlinePtr #cards 5 size 8 Array Of Cards #cards 12 size 40 Howl #buckets 4 coarsen threshold 1843 Howl Bitmap #cards 512 size 80 coarsen threshold 460 Card regions per heap region 1 cards per card region 2048
 CPUs: 4 total, 4 available
 Memory: 3976M
 Large Page Support: Disabled
 NUMA Support: Disabled
 Compressed Oops: Enabled (32-bit)
 Heap Region Size: 1M
 Heap Min Capacity: 8M
 Heap Initial Capacity: 64M
 Heap Max Capacity: 996M
 Pre-touch: Disabled
 Parallel Workers: 4
 Concurrent Workers: 1
 Concurrent Refinement Workers: 4
 Periodic GC: Disabled
Heap:
 garbage-first heap   total 51200K, used 30930K [0x00000000c1c00000, 0x0000000100000000)
  region size 1024K, 17 young (17408K), 3 survivors (3072K)
 Metaspace       used 42429K, committed 42816K, reserved 1114112K
  class space    used 5333K, committed 5504K, reserved 1048576K
GC Heap History (14 events):
Event: 0.896 GC heap before
{Heap before GC invocations=0 (full 0):
 garbage-first heap   total 65536K, used 14336K [0x00000000c1c00000, 0x0000000100000000)
  region size 1024K, 13 young (13312K), 0 survivors (0K)
 Metaspace       used 3758K, committed 3904K, reserved 1114112K
  class space    used 380K, committed 448K, reserved 1048576K
}
Event: 0.905 GC heap after
{Heap after GC invocations=1 (full 0):
 garbage-first heap   total 65536K, used 7168K [0x00000000c1c00000, 0x0000000100000000)
  region size 1024K, 2 young (2048K), 2 survivors (2048K)
 Metaspace       used 3758K, committed 3904K, reserved 1114112K
  class space    used 380K, committed 448K, reserved 1048576K
}
Event: 1.605 GC heap before
{Heap before GC invocations=1 (full 0):
 garbage-first heap   total 65536K, used 19456K [0x00000000c1c00000, 0x0000000100000000)
  region size 1024K, 14 young (14336K), 2 survivors (2048K)
 Metaspace       used 7553K, committed 7744K, reserved 1114112K
  class space    used 925K, committed 1024K, reserved 1048576K
}
Event: 1.615 GC heap after
{Heap after GC invocations=2 (full 0):
 garbage-first heap   total 65536K, used 8556K [0x00000000c1c00000, 0x0000000100000000)
  region size 1024K, 2 young (2048K), 2 survivors (2048K)
 Metaspace       used 7553K, committed 7744K, reserved 1114112K
  class space    used 925K, committed 1024K, reserved 1048576K
}
Event: 2.589 GC heap before
{Heap before GC invocations=2 (full 0):
 garbage-first heap   total 65536K, used 36204K [0x00000000c1c00000, 0x0000000100000000)
  region size 1024K, 30 young (30720K), 2 survivors (2048K)
 Metaspace       used 15398K, committed 15680K, reserved 1114112K
  class space    used 1837K, committed 1984K, reserved 1048576K
}
Event: 2.597 GC heap after
{Heap after GC invocations=3 (full 0):
 garbage-first heap   total 65536K, used 10488K [0x00000000c1c00000, 0x0000000100000000)
  region size 1024K, 4 young (4096K), 4 survivors (4096K)
 Metaspace       used 15398K, committed 15680K, reserved 1114112K
  class space    used 1837K, committed 1984K, reserved 1048576K
}
Event: 4.504 GC heap before
{Heap before GC invocations=3 (full 0):
 garbage-first heap   total 65536K, used 43256K [0x00000000c1c00000, 0x0000000100000000)
  region size 1024K, 37 young (37888K), 4 survivors (4096K)
 Metaspace       used 21239K, committed 21504K, reserved 1114112K
  class space    used 2544K, committed 2688K, reserved 1048576K
}
Event: 4.518 GC heap after
{Heap after GC invocations=4 (full 0):
 garbage-first heap   total 65536K, used 13000K [0x00000000c1c00000, 0x0000000100000000)
  region size 1024K, 5 young (5120K), 5 survivors (5120K)
 Metaspace       used 21239K, committed 21504K, reserved 1114112K
  class space    used 2544K, committed 2688K, reserved 1048576K
}
Event: 5.707 GC heap before
{Heap before GC invocations=5 (full 0):
 garbage-first heap   total 51200K, used 38600K [0x00000000c1c00000, 0x0000000100000000)
  region size 1024K, 30 young (30720K), 5 survivors (5120K)
 Metaspace       used 27174K, committed 27456K, reserved 1114112K
  class space    used 3304K, committed 3456K, reserved 1048576K
}
Event: 5.723 GC heap after
{Heap after GC invocations=6 (full 0):
 garbage-first heap   total 51200K, used 15793K [0x00000000c1c00000, 0x0000000100000000)
  region size 1024K, 4 young (4096K), 4 survivors (4096K)
 Metaspace       used 27174K, committed 27456K, reserved 1114112K
  class space    used 3304K, committed 3456K, reserved 1048576K
}
Event: 6.730 GC heap before
{Heap before GC invocations=6 (full 0):
 garbage-first heap   total 51200K, used 37297K [0x00000000c1c00000, 0x0000000100000000)
  region size 1024K, 26 young (26624K), 4 survivors (4096K)
 Metaspace       used 32856K, committed 33280K, reserved 1114112K
  class space    used 4234K, committed 4416K, reserved 1048576K
}
Event: 6.740 GC heap after
{Heap after GC invocations=7 (full 0):
 garbage-first heap   total 51200K, used 17479K [0x00000000c1c00000, 0x0000000100000000)
  region size 1024K, 2 young (2048K), 2 survivors (2048K)
 Metaspace       used 32856K, committed 33280K, reserved 1114112K
  class space    used 4234K, committed 4416K, reserved 1048576K
}
Event: 7.115 GC heap before
{Heap before GC invocations=7 (full 0):
 garbage-first heap   total 51200K, used 23623K [0x00000000c1c00000, 0x0000000100000000)
  region size 1024K, 10 young (10240K), 2 survivors (2048K)
 Metaspace       used 35792K, committed 36096K, reserved 1114112K
  class space    used 4549K, committed 4672K, reserved 1048576K
}
Event: 7.120 GC heap after
{Heap after GC invocations=8 (full 0):
 garbage-first heap   total 51200K, used 18642K [0x00000000c1c00000, 0x0000000100000000)
  region size 1024K, 3 young (3072K), 3 survivors (3072K)
 Metaspace       used 35792K, committed 36096K, reserved 1114112K
  class space    used 4549K, committed 4672K, reserved 1048576K
}

